C51 COMPILER V9.60.7.0   KEYPAD                                                            06/23/2026 15:31:53 PAGE 1   


C51 COMPILER V9.60.7.0, COMPILATION OF MODULE KEYPAD
OBJECT MODULE PLACED IN .\Objects\Keypad.obj
COMPILER INVOKED BY: E:\Softwares\IDE\keil_v5\C51\BIN\C51.EXE ..\src\Keypad.c OPTIMIZE(8,SPEED) BROWSE DEBUG OBJECTEXTEN
                    -D PRINT(.\Listings\Keypad.lst) TABS(2) OBJECT(.\Objects\Keypad.obj)

line level    source

   1          //
   2          // Created by MeowWow520 on 2026/6/22.
   3          //
   4          
   5          #include "reg51.h"
   6          #include "Keypad.h"
   7          
   8          sbit KEY_UP_PIN    = P3 ^ 0;
   9          sbit KEY_DOWN_PIN  = P3 ^ 1;
  10          sbit KEY_START_PIN = P3 ^ 2;
  11          
  12          volatile uint8 g_key = KEY_NONE;
  13          
  14          void Keypad_Scan_ISR(void) {
  15   1          static uint8 samples[2] = {KEY_NONE, KEY_NONE};
  16   1          static uint8 idx = 0;
  17   1          static uint8 last_reported = KEY_NONE;
  18   1          uint8 raw = KEY_NONE;
  19   1      
  20   1          if      (KEY_START_PIN == 0) raw = KEY_START;
  21   1          else if (KEY_UP_PIN    == 0) raw = KEY_UP;
  22   1          else if (KEY_DOWN_PIN  == 0) raw = KEY_DOWN;
  23   1      
  24   1          samples[idx] = raw;
  25   1          idx ^= 1;
  26   1      
  27   1          if (samples[0] == samples[1]) {
  28   2              if (samples[0] != KEY_NONE) {
  29   3                  if (samples[0] != last_reported) {
  30   4                      g_key = samples[0];
  31   4                      last_reported = samples[0];
  32   4                  }
  33   3              } else {
  34   3                  last_reported = KEY_NONE;
  35   3              }
  36   2          }
  37   1      }
  38          
  39          uint8 Keypad_Read(void) {
  40   1          uint8 key = g_key;
  41   1          g_key = KEY_NONE;
  42   1          return key;
  43   1      }


MODULE INFORMATION:   STATIC OVERLAYABLE
   CODE SIZE        =     59    ----
   CONSTANT SIZE    =   ----    ----
   XDATA SIZE       =   ----    ----
   PDATA SIZE       =   ----    ----
   DATA SIZE        =      5    ----
   IDATA SIZE       =   ----    ----
   BIT SIZE         =   ----    ----
END OF MODULE INFORMATION.

C51 COMPILER V9.60.7.0   KEYPAD                                                            06/23/2026 15:31:53 PAGE 2   


C51 COMPILATION COMPLETE.  0 WARNING(S),  0 ERROR(S)
