C51 COMPILER V9.60.7.0   LCD                                                               06/23/2026 10:08:03 PAGE 1   


C51 COMPILER V9.60.7.0, COMPILATION OF MODULE LCD
OBJECT MODULE PLACED IN .\Objects\LCD.obj
COMPILER INVOKED BY: E:\Softwares\IDE\keil_v5\C51\BIN\C51.EXE ..\src\LCD.c OPTIMIZE(8,SPEED) BROWSE DEBUG OBJECTEXTEND P
                    -RINT(.\Listings\LCD.lst) TABS(2) OBJECT(.\Objects\LCD.obj)

line level    source

   1          //
   2          // Created by MeowWow520 on 2026/6/22.
   3          //
   4          
   5          #include "LCD.h"
   6          
   7          
   8          void LCD_Init(void) {
   9   1          LCD_WriteCmd(0x38);
  10   1          LCD_WriteCmd(0x0C);
  11   1          LCD_WriteCmd(0x06);
  12   1          LCD_WriteCmd(0x01);
  13   1      }
  14          
  15          void LCD_WriteData(uint8 dat) {
  16   1              LCD_RS = 1;
  17   1              LCD_RW = 0;
  18   1              LCD_PORT = dat;
  19   1              LCD_EN = 1;
  20   1              DelayMS(10);
  21   1              LCD_EN = 0;
  22   1      }
  23          
  24          void LCD_WriteCmd(uint8 cmd) {
  25   1          LCD_RS = 0;
  26   1          LCD_RW = 0;
  27   1          LCD_PORT = cmd;
  28   1          LCD_EN = 1;
  29   1          DelayMS(10);
  30   1          LCD_EN = 0;
  31   1      }
  32          
  33          void LCD_Display(uint8 line, char *content) {
  34   1          uint8 i;
  35   1          uint8 addr;
  36   1      
  37   1          switch (line) {
  38   2              case 0: addr = 0x80; break;
  39   2              case 1: addr = 0xC0; break;
  40   2              case 2: addr = 0x90; break;
  41   2              case 3: addr = 0xD0; break;
  42   2              default: return;
  43   2          }
  44   1      
  45   1          LCD_WriteCmd(addr);
  46   1          for (i = 0; i < 16; i++) {
  47   2              LCD_WriteData(content[i]);
  48   2          }
  49   1      }


MODULE INFORMATION:   STATIC OVERLAYABLE
   CODE SIZE        =    131    ----
   CONSTANT SIZE    =   ----    ----
C51 COMPILER V9.60.7.0   LCD                                                               06/23/2026 10:08:03 PAGE 2   

   XDATA SIZE       =   ----    ----
   PDATA SIZE       =   ----    ----
   DATA SIZE        =   ----       5
   IDATA SIZE       =   ----    ----
   BIT SIZE         =   ----    ----
END OF MODULE INFORMATION.


C51 COMPILATION COMPLETE.  0 WARNING(S),  0 ERROR(S)
